2026-05-08T23:20:16 Starting Set 2 cinematic generation. Total rows: 24
2026-05-08T23:20:16 Starting S1-03_kitchen_pantry_wide_view
2026-05-08T23:22:01 Complete S1-03_kitchen_pantry_wide_view
2026-05-08T23:22:01 Starting S1-04_main_bedroom_wide_view
2026-05-08T23:23:35 Complete S1-04_main_bedroom_wide_view
2026-05-08T23:23:35 Starting S1-05_washroom_bath_wide_view
2026-05-08T23:25:10 Complete S1-05_washroom_bath_wide_view
2026-05-08T23:25:10 Starting S2-02_living_dining_wide_view
2026-05-08T23:27:00 Complete S2-02_living_dining_wide_view
2026-05-08T23:27:00 Starting S2-03_kitchen_pantry_wide_view
2026-05-08T23:28:33 Complete S2-03_kitchen_pantry_wide_view
2026-05-08T23:28:33 Starting S2-04_main_bedroom_wide_view
2026-05-08T23:30:06 Complete S2-04_main_bedroom_wide_view
2026-05-08T23:30:06 Starting S2-05_washroom_bath_wide_view
2026-05-08T23:31:39 Complete S2-05_washroom_bath_wide_view
2026-05-08T23:31:39 Starting J1-02_living_dining_wide_view
2026-05-08T23:33:29 Complete J1-02_living_dining_wide_view
2026-05-08T23:33:29 Starting J1-03_kitchen_pantry_wide_view
2026-05-08T23:35:03 Complete J1-03_kitchen_pantry_wide_view
2026-05-08T23:35:03 Starting J1-04_main_bedroom_wide_view
2026-05-08T23:36:36 Complete J1-04_main_bedroom_wide_view
2026-05-08T23:36:36 Starting J1-05_washroom_bath_wide_view
2026-05-08T23:38:23 Complete J1-05_washroom_bath_wide_view
2026-05-08T23:38:23 Starting J3-02_living_dining_wide_view
2026-05-08T23:39:54 Complete J3-02_living_dining_wide_view
2026-05-08T23:39:54 Starting J3-03_kitchen_pantry_wide_view
2026-05-08T23:41:26 Complete J3-03_kitchen_pantry_wide_view
2026-05-08T23:41:26 Starting J3-04_main_bedroom_wide_view
2026-05-08T23:42:43 Complete J3-04_main_bedroom_wide_view
2026-05-08T23:42:43 Starting J3-05_washroom_bath_wide_view
2026-05-08T23:44:17 Complete J3-05_washroom_bath_wide_view
2026-05-08T23:44:17 Starting M1-02_living_dining_wide_view
2026-05-08T23:45:33 Complete M1-02_living_dining_wide_view
2026-05-08T23:45:33 Starting M1-03_kitchen_pantry_wide_view
2026-05-08T23:47:05 Complete M1-03_kitchen_pantry_wide_view
2026-05-08T23:47:05 Starting M1-04_main_bedroom_wide_view
2026-05-08T23:48:57 Complete M1-04_main_bedroom_wide_view
2026-05-08T23:48:57 Starting M1-05_washroom_bath_wide_view
2026-05-08T23:50:30 Complete M1-05_washroom_bath_wide_view
2026-05-08T23:50:30 Starting DK2-02_living_dining_wide_view
2026-05-08T23:52:03 Complete DK2-02_living_dining_wide_view
2026-05-08T23:52:03 Starting DK2-03_kitchen_pantry_wide_view
2026-05-08T23:53:37 Complete DK2-03_kitchen_pantry_wide_view
2026-05-08T23:53:37 Starting DK2-04_main_bedroom_wide_view
2026-05-08T23:55:17 Complete DK2-04_main_bedroom_wide_view
2026-05-08T23:55:17 Starting DK2-05_washroom_bath_wide_view
2026-05-08T23:57:06 Complete DK2-05_washroom_bath_wide_view
2026-05-08T23:57:06 Finished Set 2 cinematic generation. Complete: 23 Failed: 0 Skipped: 1
2026-05-09T01:20:47 Starting Set 2 cinematic generation. Total rows: 24
2026-05-09T01:20:47 Starting S1-02_living_dining_wide_view
2026-05-09T01:22:26 Complete S1-02_living_dining_wide_view
2026-05-09T01:22:26 Starting S1-03_kitchen_pantry_wide_view
2026-05-09T01:24:00 Complete S1-03_kitchen_pantry_wide_view
2026-05-09T01:24:00 Starting S1-04_main_bedroom_wide_view
2026-05-09T01:25:34 Complete S1-04_main_bedroom_wide_view
2026-05-09T01:25:34 Starting S1-05_washroom_bath_wide_view
2026-05-09T01:27:25 Complete S1-05_washroom_bath_wide_view
2026-05-09T01:27:25 Starting S2-02_living_dining_wide_view
2026-05-09T01:28:59 Complete S2-02_living_dining_wide_view
2026-05-09T01:28:59 Starting S2-03_kitchen_pantry_wide_view
2026-05-09T01:30:30 Complete S2-03_kitchen_pantry_wide_view
2026-05-09T01:30:30 Starting S2-04_main_bedroom_wide_view
2026-05-09T01:32:07 Complete S2-04_main_bedroom_wide_view
2026-05-09T01:32:07 Starting S2-05_washroom_bath_wide_view
2026-05-09T01:33:58 Complete S2-05_washroom_bath_wide_view
2026-05-09T01:33:58 Starting J1-02_living_dining_wide_view
2026-05-09T01:35:33 Complete J1-02_living_dining_wide_view
2026-05-09T01:35:33 Starting J1-03_kitchen_pantry_wide_view
2026-05-09T01:37:06 Complete J1-03_kitchen_pantry_wide_view
2026-05-09T01:37:06 Starting J1-04_main_bedroom_wide_view
2026-05-09T01:38:44 Failed J1-04_main_bedroom_wide_view - target missing
2026-05-09T01:38:44 Starting J1-05_washroom_bath_wide_view
2026-05-09T01:40:18 Complete J1-05_washroom_bath_wide_view
2026-05-09T01:40:18 Starting J3-02_living_dining_wide_view
2026-05-09T01:42:15 Complete J3-02_living_dining_wide_view
2026-05-09T01:42:16 Starting J3-03_kitchen_pantry_wide_view
2026-05-09T01:44:43 Complete J3-03_kitchen_pantry_wide_view
2026-05-09T01:44:43 Starting J3-04_main_bedroom_wide_view
2026-05-09T01:47:00 Complete J3-04_main_bedroom_wide_view
2026-05-09T01:47:00 Starting J3-05_washroom_bath_wide_view
2026-05-09T01:49:14 Complete J3-05_washroom_bath_wide_view
2026-05-09T01:49:14 Starting M1-02_living_dining_wide_view
2026-05-09T01:50:59 Complete M1-02_living_dining_wide_view
2026-05-09T01:51:00 Starting M1-03_kitchen_pantry_wide_view
2026-05-09T01:52:59 Complete M1-03_kitchen_pantry_wide_view
2026-05-09T01:53:02 Starting M1-04_main_bedroom_wide_view
2026-05-09T01:56:07 Complete M1-04_main_bedroom_wide_view
2026-05-09T01:56:10 Starting M1-05_washroom_bath_wide_view
2026-05-09T01:58:46 Complete M1-05_washroom_bath_wide_view
2026-05-09T01:58:46 Starting DK2-02_living_dining_wide_view
2026-05-09T02:00:24 Complete DK2-02_living_dining_wide_view
2026-05-09T02:00:24 Starting DK2-03_kitchen_pantry_wide_view
2026-05-09T02:02:33 Complete DK2-03_kitchen_pantry_wide_view
2026-05-09T02:02:33 Starting DK2-04_main_bedroom_wide_view
2026-05-09T02:04:07 Complete DK2-04_main_bedroom_wide_view
2026-05-09T02:04:08 Starting DK2-05_washroom_bath_wide_view
2026-05-09T02:05:41 Complete DK2-05_washroom_bath_wide_view
2026-05-09T02:05:42 Finished Set 2 cinematic generation. Complete: 23 Failed: 1 Skipped: 0
